<?xml version="1.0" encoding="UTF-8"?>
<!-- Generated by org.testng.reporters.JUnitXMLReporter -->
<testsuite ignored="1" hostname="Subs-Machine" failures="0" tests="9" name="Car loan" time="0.022" errors="0" timestamp="2022-05-06T21:03:18 IST">
  <testcase classname="test.TestNgDay3" name="apiLoginCarLoan" time="0.002"/>
  <testcase classname="test.TestNgDay3" name="webLoginCarLoan" time="0.001"/>
  <testcase classname="test.TestNgDay1" name="demo" time="0.001"/>
  <testcase classname="test.TestNgDay1" name="secondTestCase" time="0.001"/>
  <testcase classname="test.TestNgDay2" name="personalLoanTC" time="0.001"/>
  <testcase classname="test.TestNgDay4" name="apiLoginHomeLoan" time="0.0"/>
  <testcase classname="test.TestNgDay4" name="mobileLoginHomeLoan" time="0.0"/>
  <testcase classname="test.TestNgDay4" name="webLoginHomeLoan" time="0.001"/>
  <testcase classname="test.TestNgDay5" name="testcase1" time="0.001"/>
  <testcase classname="test.TestNgDay3" name="mobileLoginCarLoan" time="0.0">
    <ignored/>
  </testcase> <!-- mobileLoginCarLoan -->
</testsuite> <!-- Car loan -->
