<?xml version="1.0" encoding="UTF-8"?>
<!-- Generated by org.testng.reporters.JUnitXMLReporter -->
<testsuite ignored="0" hostname="Subs-Machine" failures="0" tests="3" name="PersonalLoan" time="0.055" errors="0" timestamp="2022-05-06T08:40:02 IST">
  <testcase classname="test.TestNgDay1" name="demo" time="0.012"/>
  <testcase classname="test.TestNgDay1" name="secondTestCase" time="0.001"/>
  <testcase classname="test.TestNgDay2" name="personalLoanTC" time="0.001"/>
</testsuite> <!-- PersonalLoan -->
