<?xml version="1.0" encoding="UTF-8"?>
<!-- Generated by org.testng.reporters.JUnitXMLReporter -->
<testsuite ignored="1" hostname="Subs-Machine" failures="0" tests="6" name="Regression" time="0.06" errors="0" timestamp="2022-05-06T21:47:33 IST">
  <testcase classname="test.TestNgDay5" name="testcase2" time="0.004"/>
  <testcase classname="test.TestNgDay5" name="testcase3" time="0.001"/>
  <testcase classname="test.TestNgDay5" name="testcase6" time="0.007"/>
  <testcase classname="test.TestNgDay5" name="testcase7" time="0.002"/>
  <testcase classname="test.TestNgDay5" name="testcase1" time="0.001"/>
  <testcase classname="test.TestNgDay5" name="testcase4" time="0.002"/>
  <testcase classname="test.TestNgDay5" name="testcase5" time="0.0">
    <ignored/>
  </testcase> <!-- testcase5 -->
</testsuite> <!-- Regression -->
