<?xml version="1.0" encoding="UTF-8"?>
<!-- Generated by org.testng.reporters.JUnitXMLReporter -->
<testsuite ignored="2" hostname="Subs-Machine" failures="0" tests="9" name="Regression" time="0.121" errors="0" timestamp="2022-05-06T22:57:06 IST">
  <testcase classname="test.TestNgDay5" name="testcase2" time="0.009"/>
  <testcase classname="test.TestNgDay5" name="testcase3" time="0.002"/>
  <testcase classname="test.TestNgDay5" name="testcase6" time="0.006"/>
  <testcase classname="test.TestNgDay5" name="testcase7" time="0.001"/>
  <testcase classname="test.TestNgDay5" name="testcase9" time="0.001"/>
  <testcase classname="test.TestNgDay5" name="testcase9" time="0.001"/>
  <testcase classname="test.TestNgDay5" name="testcase9" time="0.002"/>
  <testcase classname="test.TestNgDay5" name="testcase1" time="0.002"/>
  <testcase classname="test.TestNgDay5" name="testcase4" time="0.001"/>
  <testcase classname="test.TestNgDay5" name="testcase8" time="0.0">
    <ignored/>
  </testcase> <!-- testcase8 -->
  <testcase classname="test.TestNgDay5" name="testcase5" time="0.0">
    <ignored/>
  </testcase> <!-- testcase5 -->
</testsuite> <!-- Regression -->
